{
  "RSpec": {
    "coverage": {
      "/Users/henriquebc/Documents/Tcc/iot-monitoring/config/environment.rb": {
        "lines": [
          null,
          1,
          null,
          null,
          1
        ]
      },
      "/Users/henriquebc/Documents/Tcc/iot-monitoring/config/application.rb": {
        "lines": [
          1,
          null,
          1,
          null,
          null,
          null,
          1,
          null,
          1,
          1,
          null,
          1,
          null,
          null,
          null,
          null,
          null,
          null,
          null,
          null,
          null,
          null,
          null,
          null,
          1,
          null,
          null
        ]
      },
      "/Users/henriquebc/Documents/Tcc/iot-monitoring/config/boot.rb": {
        "lines": [
          1,
          null,
          1,
          1
        ]
      },
      "/Users/henriquebc/Documents/Tcc/iot-monitoring/config/environments/test.rb": {
        "lines": [
          1,
          null,
          null,
          null,
          null,
          null,
          null,
          1,
          null,
          null,
          null,
          1,
          null,
          null,
          null,
          null,
          1,
          null,
          null,
          1,
          1,
          null,
          null,
          null,
          null,
          1,
          1,
          1,
          null,
          null,
          1,
          null,
          null,
          1,
          null,
          null,
          1,
          null,
          1,
          null,
          null,
          null,
          null,
          1,
          null,
          null,
          1,
          null,
          null,
          1,
          null,
          null,
          1,
          null,
          null,
          null,
          null,
          null,
          null,
          null
        ]
      },
      "/Users/henriquebc/Documents/Tcc/iot-monitoring/config/initializers/cors.rb": {
        "lines": [
          null,
          null,
          null,
          null,
          null,
          null,
          null,
          null,
          null,
          null,
          null,
          null,
          null,
          null,
          null,
          null
        ]
      },
      "/Users/henriquebc/Documents/Tcc/iot-monitoring/config/initializers/filter_parameter_logging.rb": {
        "lines": [
          null,
          null,
          null,
          null,
          null,
          1,
          null,
          null
        ]
      },
      "/Users/henriquebc/Documents/Tcc/iot-monitoring/config/initializers/inflections.rb": {
        "lines": [
          null,
          null,
          null,
          null,
          null,
          null,
          null,
          null,
          null,
          null,
          null,
          null,
          null,
          null,
          null,
          null
        ]
      },
      "/Users/henriquebc/Documents/Tcc/iot-monitoring/config/initializers/micro_case.rb": {
        "lines": [
          1,
          null,
          1,
          null
        ]
      },
      "/Users/henriquebc/Documents/Tcc/iot-monitoring/config/routes.rb": {
        "lines": [
          1,
          1,
          null
        ]
      },
      "/Users/henriquebc/Documents/Tcc/iot-monitoring/app/models/users/login.rb": {
        "lines": [
          1,
          1,
          8,
          8,
          null,
          1,
          7,
          null,
          7,
          null,
          5,
          2,
          null,
          null,
          null,
          null,
          null,
          3,
          null,
          3,
          null,
          null,
          1,
          null,
          1,
          3,
          null,
          3,
          null,
          null,
          null
        ]
      },
      "/Users/henriquebc/Documents/Tcc/iot-monitoring/spec/models/user/register_spec.rb": {
        "lines": [
          1,
          null,
          1,
          1,
          1,
          1,
          null,
          3,
          null,
          1,
          null,
          1,
          1,
          null,
          1,
          null,
          null,
          1,
          null,
          null,
          1,
          null,
          1,
          1,
          null,
          1,
          null,
          null,
          1,
          null,
          null,
          null,
          null,
          null,
          null,
          1,
          null,
          3,
          null,
          1,
          null,
          1,
          1,
          null,
          1,
          null,
          null,
          1,
          null,
          null,
          1,
          null,
          1,
          1,
          null,
          1,
          null,
          null,
          1,
          null,
          null,
          null,
          null,
          null,
          1,
          null,
          3,
          3,
          null,
          1,
          null,
          1,
          null,
          1,
          null,
          null,
          1,
          null,
          null,
          1,
          null,
          1,
          null,
          1,
          null,
          null,
          1,
          null,
          null,
          null,
          null,
          null,
          1,
          null,
          3,
          3,
          null,
          1,
          null,
          1,
          null,
          1,
          null,
          null,
          1,
          null,
          null,
          1,
          null,
          1,
          null,
          1,
          null,
          null,
          1,
          null,
          null,
          null,
          null,
          null,
          null,
          1,
          null,
          3,
          3,
          3,
          null,
          1,
          null,
          1,
          null,
          null,
          1,
          null,
          null,
          1,
          null,
          1,
          null,
          null,
          1,
          null,
          null,
          null,
          null,
          null,
          null,
          null
        ]
      },
      "/Users/henriquebc/Documents/Tcc/iot-monitoring/app/models/users/register.rb": {
        "lines": [
          1,
          1,
          11,
          11,
          11,
          null,
          1,
          10,
          null,
          10,
          10,
          10,
          null,
          10,
          null,
          6,
          2,
          null,
          null,
          null,
          null,
          null,
          4,
          null,
          null,
          null,
          null,
          null,
          4,
          2,
          null,
          2,
          null,
          null,
          null,
          null
        ]
      },
      "/Users/henriquebc/Documents/Tcc/iot-monitoring/app/models/user.rb": {
        "lines": [
          1,
          1,
          null,
          1,
          null
        ]
      },
      "/Users/henriquebc/Documents/Tcc/iot-monitoring/app/models/application_record.rb": {
        "lines": [
          1,
          1,
          null
        ]
      }
    },
    "timestamp": 1662133772
  }
}
